Mar 13, 2015 7:59:13 PM com.data_mining.logic.CommonLogics settingFiles
INFO: Setting file Input/attributes.txt file constant Input/attributes.txt
Mar 13, 2015 7:59:13 PM com.data_mining.logic.CommonLogics settingFiles
INFO: Setting file Input/train-records.txt file constant Input/train-records.txt
Mar 13, 2015 7:59:13 PM com.data_mining.logic.CommonLogics settingFiles
INFO: Setting file Output/Results.txt file constant Output/Results.txt
Mar 13, 2015 7:59:13 PM com.data_mining.logic.CommonLogics settingFiles
INFO: Setting file Output/Items-Rules.txt file constant Output/ItemsAndRules.txt
Mar 13, 2015 7:59:13 PM com.data_mining.file_readers.TextFileReader resetReader
INFO: Going to read file Input/attributes.txt
Mar 13, 2015 7:59:13 PM com.data_mining.file_readers.TextFileReader resetReader
INFO: Going to read file Input/attributes.txt
Mar 13, 2015 7:59:13 PM com.data_mining.file_readers.TextFileReader resetReader
INFO: Going to read file Input/train-records.txt
Mar 13, 2015 7:59:13 PM com.data_mining.file_readers.TextFileReader resetReader
INFO: Going to read file Input/train-records.txt
Mar 13, 2015 7:59:13 PM com.data_mining.logic.AssociationLogics generateFrequentSetForK
INFO: Generating CK
Mar 13, 2015 7:59:13 PM com.data_mining.logic.CommonLogics compareSets
INFO: No such Element exception
Mar 13, 2015 7:59:13 PM com.data_mining.logic.CommonLogics compareSets
INFO: No such Element exception
Mar 13, 2015 7:59:13 PM com.data_mining.logic.CommonLogics compareSets
INFO: No such Element exception
Mar 13, 2015 7:59:13 PM com.data_mining.logic.CommonLogics compareSets
INFO: No such Element exception
Mar 13, 2015 7:59:13 PM com.data_mining.logic.AssociationLogics generateFrequentSetForK
INFO: Generating CK
Mar 13, 2015 7:59:14 PM com.data_mining.logic.AssociationLogics ruleGeneration
INFO: Generating H1
Mar 13, 2015 7:59:14 PM com.data_mining.logic.AssociationLogics apGenerateRulesModified
INFO: Generating H2
Mar 13, 2015 7:59:14 PM com.data_mining.logic.AssociationLogics ruleGeneration
INFO: Generating H1
Mar 13, 2015 7:59:14 PM com.data_mining.logic.AssociationLogics apGenerateRulesModified
INFO: Generating H2
Mar 13, 2015 7:59:14 PM com.data_mining.logic.AssociationLogics ruleGeneration
INFO: Generating H1
Mar 13, 2015 7:59:14 PM com.data_mining.logic.AssociationLogics apGenerateRulesModified
INFO: Generating H2
Mar 13, 2015 7:59:14 PM com.data_mining.logic.AssociationLogics ruleGeneration
INFO: Generating H1
Mar 13, 2015 7:59:14 PM com.data_mining.logic.AssociationLogics apGenerateRulesModified
INFO: Generating H2
